1678938923.602824 client started (13596): version 3.0a, socket /tmp/tmux-1000/default, protocol 8
1678938923.602843 on Linux 5.15.90.1-microsoft-standard-WSL2 #1 SMP Fri Jan 27 02:56:13 UTC 2023; libevent 2.1.11-stable (poll)
1678938923.602852 socket is /tmp/tmux-1000/default
1678938923.602862 trying connect
1678938923.602908 add peer 0x5622dda796b0: 6 ((nil))
1678938923.602951 sending message 100 to peer 0x5622dda796b0 (4 bytes)
1678938923.602956 sending message 101 to peer 0x5622dda796b0 (14 bytes)
1678938923.602959 sending message 102 to peer 0x5622dda796b0 (12 bytes)
1678938923.602963 sending message 108 to peer 0x5622dda796b0 (53 bytes)
1678938923.602966 sending message 104 to peer 0x5622dda796b0 (0 bytes)
1678938923.602969 sending message 107 to peer 0x5622dda796b0 (4 bytes)
1678938923.602971 sending message 105 to peer 0x5622dda796b0 (11 bytes)
1678938923.602974 sending message 105 to peer 0x5622dda796b0 (15 bytes)
1678938923.602977 sending message 105 to peer 0x5622dda796b0 (19 bytes)
1678938923.602979 sending message 105 to peer 0x5622dda796b0 (16 bytes)
1678938923.602982 sending message 105 to peer 0x5622dda796b0 (13 bytes)
1678938923.602985 sending message 105 to peer 0x5622dda796b0 (8 bytes)
1678938923.602987 sending message 105 to peer 0x5622dda796b0 (16 bytes)
1678938923.602990 sending message 105 to peer 0x5622dda796b0 (32 bytes)
1678938923.602992 sending message 105 to peer 0x5622dda796b0 (1506 bytes)
1678938923.602999 sending message 105 to peer 0x5622dda796b0 (9 bytes)
1678938923.603003 sending message 105 to peer 0x5622dda796b0 (54 bytes)
1678938923.603009 sending message 105 to peer 0x5622dda796b0 (16 bytes)
1678938923.603016 sending message 105 to peer 0x5622dda796b0 (27 bytes)
1678938923.603020 sending message 105 to peer 0x5622dda796b0 (63 bytes)
1678938923.603023 sending message 105 to peer 0x5622dda796b0 (60 bytes)
1678938923.603027 sending message 105 to peer 0x5622dda796b0 (10 bytes)
1678938923.603031 sending message 105 to peer 0x5622dda796b0 (12 bytes)
1678938923.603035 sending message 105 to peer 0x5622dda796b0 (11 bytes)
1678938923.603038 sending message 105 to peer 0x5622dda796b0 (2757 bytes)
1678938923.603046 sending message 105 to peer 0x5622dda796b0 (40 bytes)
1678938923.603049 sending message 105 to peer 0x5622dda796b0 (57 bytes)
1678938923.603053 sending message 105 to peer 0x5622dda796b0 (19 bytes)
1678938923.603056 sending message 105 to peer 0x5622dda796b0 (8 bytes)
1678938923.603060 sending message 105 to peer 0x5622dda796b0 (19 bytes)
1678938923.603063 sending message 105 to peer 0x5622dda796b0 (36 bytes)
1678938923.603066 sending message 105 to peer 0x5622dda796b0 (13 bytes)
1678938923.603070 sending message 105 to peer 0x5622dda796b0 (13 bytes)
1678938923.603073 sending message 105 to peer 0x5622dda796b0 (26 bytes)
1678938923.603076 sending message 105 to peer 0x5622dda796b0 (45 bytes)
1678938923.603080 sending message 105 to peer 0x5622dda796b0 (24 bytes)
1678938923.603083 sending message 105 to peer 0x5622dda796b0 (33 bytes)
1678938923.603086 sending message 105 to peer 0x5622dda796b0 (29 bytes)
1678938923.603089 sending message 105 to peer 0x5622dda796b0 (31 bytes)
1678938923.603093 sending message 105 to peer 0x5622dda796b0 (53 bytes)
1678938923.603096 sending message 105 to peer 0x5622dda796b0 (48 bytes)
1678938923.603099 sending message 105 to peer 0x5622dda796b0 (38 bytes)
1678938923.603102 sending message 105 to peer 0x5622dda796b0 (29 bytes)
1678938923.603106 sending message 105 to peer 0x5622dda796b0 (16 bytes)
1678938923.603109 sending message 105 to peer 0x5622dda796b0 (21 bytes)
1678938923.603116 sending message 106 to peer 0x5622dda796b0 (0 bytes)
1678938923.603135 sending message 200 to peer 0x5622dda796b0 (4 bytes)
1678938923.603140 client loop enter
1678938923.603461 peer 0x5622dda796b0 message 211
1678938923.603515 client_write: sessions should be nested with care, unset $TMUX to force\n
1678938923.603542 peer 0x5622dda796b0 message 203
1678938923.603549 client loop exit
